<?xml version="1.0" encoding="UTF-8"?>
<testsuite xmlns:xsi="http://www.w3.org/2001/XMLSchema-instance" xsi:noNamespaceSchemaLocation="https://maven.apache.org/surefire/maven-surefire-plugin/xsd/surefire-test-report-3.0.xsd" version="3.0" name="Produtos.ProdutosDeleteTest" time="0.35" tests="2" errors="0" skipped="0" failures="0">
  <properties>
[...]
</properties>
  <testcase name="excluirProdutoQueEstaNoCarrinho" classname="Produtos.ProdutosDeleteTest" time="0.253">
    <system-out><![CDATA[{
    "message": "Cadastro realizado com sucesso",
    "_id": "JPYeAnI10SqnK7oE"
}
HTTP/1.1 201 Created
{
    "message": "Login realizado com sucesso",
    "authorization": "Bearer eyJhbGciOiJIUzI1NiIsInR5cCI6IkpXVCJ9.eyJwYXNzd29yZCI6ImQ2a3RueWpjZ3AydyIsImVtYWlsIjoiamVycmkuaGFobkBnbWFpbC5jb20iLCJpYXQiOjE2NjgxNjQyMDMsImV4cCI6MTY2ODE2NDgwM30.DM50yzZxtHBoYTBko9v5Vtw6y4PbjXTibejpRUA6xck"
}
HTTP/1.1 200 OK
{
    "message": "Cadastro realizado com sucesso",
    "_id": "QZLrmpW4kSISRcKq"
}
HTTP/1.1 201 Created
{
    "message": "Cadastro realizado com sucesso",
    "_id": "LWTdSOv3JPZMkjEi"
}
HTTP/1.1 201 Created
{
    "message": "Não é permitido excluir produto que faz parte de carrinho",
    "idCarrinhos": [
        "LWTdSOv3JPZMkjEi"
    ]
}
HTTP/1.1 400 Bad Request
{
    "message": "Registro excluído com sucesso. Estoque dos produtos reabastecido"
}
HTTP/1.1 200 OK
{
    "message": "Registro excluído com sucesso"
}
HTTP/1.1 200 OK
{
    "message": "Registro excluído com sucesso"
}
HTTP/1.1 200 OK
]]></system-out>
  </testcase>
  <testcase name="excluirProdutoSemLogin" classname="Produtos.ProdutosDeleteTest" time="0.089">
    <system-out><![CDATA[{
    "message": "Cadastro realizado com sucesso",
    "_id": "9pE9WsXv5orBxGVx"
}
HTTP/1.1 201 Created
{
    "message": "Login realizado com sucesso",
    "authorization": "Bearer eyJhbGciOiJIUzI1NiIsInR5cCI6IkpXVCJ9.eyJwYXNzd29yZCI6ImtsbWdjNDFzbHZ5NiIsImVtYWlsIjoibWFyZ3VyaXRlLmJheWVyQHlhaG9vLmNvbSIsImlhdCI6MTY2ODE2NDIwMywiZXhwIjoxNjY4MTY0ODAzfQ.4csMJXMUFR-kPl6-csKNC28KZGVAbXaJMvu8OtF82is"
}
HTTP/1.1 200 OK
{
    "message": "Cadastro realizado com sucesso",
    "_id": "RWrS1QOhhbDld31B"
}
HTTP/1.1 201 Created
{
    "message": "Token de acesso ausente, inválido, expirado ou usuário do token não existe mais"
}
HTTP/1.1 401 Unauthorized
{
    "message": "Registro excluído com sucesso"
}
HTTP/1.1 200 OK
{
    "message": "Registro excluído com sucesso"
}
HTTP/1.1 200 OK
]]></system-out>
  </testcase>
</testsuite>