<?xml version="1.0" encoding="UTF-8"?>
<testsuite xmlns:xsi="http://www.w3.org/2001/XMLSchema-instance" xsi:noNamespaceSchemaLocation="https://maven.apache.org/surefire/maven-surefire-plugin/xsd/surefire-test-report-3.0.xsd" version="3.0" name="produto.ProdutosGetTest" time="6.695" tests="3" errors="0" skipped="0" failures="0">
  <properties>
[...]
</properties>
  <testcase name="deveRetornarProdutoPorId" classname="produto.ProdutosGetTest" time="2.216">
    <system-out><![CDATA[{
    "message": "Cadastro realizado com sucesso",
    "_id": "sALXy0fg52MaKAKb"
}
HTTP/1.1 201 Created
{
    "message": "Login realizado com sucesso",
    "authorization": "Bearer eyJhbGciOiJIUzI1NiIsInR5cCI6IkpXVCJ9.eyJwYXNzd29yZCI6ImFmamsyNzR0dXlxYnAiLCJlbWFpbCI6InJvYnluLmdheWxvcmRAaG90bWFpbC5jb20iLCJpYXQiOjE2Njg3Njc1NDQsImV4cCI6MTY2ODc2ODE0NH0.eoeLjTwpnbvqAmEoM7ejfnusEGHIWugD-aD1JbvgmZ8"
}
HTTP/1.1 200 OK
Chegou aquii
{
    "message": "Cadastro realizado com sucesso",
    "_id": "Br6kbQBCC5D06L0C"
}
HTTP/1.1 201 Created
Request method:	GET
Request URI:	https://compassuol.serverest.dev/produtos/Br6kbQBCC5D06L0C
Proxy:			<none>
Request params:	<none>
Query params:	<none>
Form params:	<none>
Path params:	<none>
Headers:		Accept=application/json, application/javascript, text/javascript, text/json
Cookies:		<none>
Multiparts:		<none>
Body:			<none>
{
    "nome": "Practical Linen Chair",
    "preco": 6914,
    "descricao": "Aspernatur repellat velit iusto quod.",
    "quantidade": 0,
    "_id": "Br6kbQBCC5D06L0C"
}
HTTP/1.1 200 OK
{
    "message": "Registro excluído com sucesso"
}
HTTP/1.1 200 OK
{
    "message": "Registro excluído com sucesso"
}
HTTP/1.1 200 OK
]]></system-out>
  </testcase>
  <testcase name="deveRetornarListaDeProdutos" classname="produto.ProdutosGetTest" time="2.234">
    <system-out><![CDATA[{
    "message": "Cadastro realizado com sucesso",
    "_id": "iuSpUdBM7K1Ip5e6"
}
HTTP/1.1 201 Created
{
    "message": "Login realizado com sucesso",
    "authorization": "Bearer eyJhbGciOiJIUzI1NiIsInR5cCI6IkpXVCJ9.eyJwYXNzd29yZCI6Imkzazg0cncyYng0c3htIiwiZW1haWwiOiJ3aW5uaWUucHVyZHlAeWFob28uY29tIiwiaWF0IjoxNjY4NzY3NTQ2LCJleHAiOjE2Njg3NjgxNDZ9.TM_qqW0VOj-Yd-dL6fnXiWyOQS-Zg_RCM9nQTgc9x9k"
}
HTTP/1.1 200 OK
Chegou aquii
{
    "message": "Cadastro realizado com sucesso",
    "_id": "tpHClA3FzeQa8FOb"
}
HTTP/1.1 201 Created
Request method:	GET
Request URI:	https://compassuol.serverest.dev/produtos
Proxy:			<none>
Request params:	<none>
Query params:	<none>
Form params:	<none>
Path params:	<none>
Headers:		Accept=application/json, application/javascript, text/javascript, text/json
Cookies:		<none>
Multiparts:		<none>
Body:			<none>
{
    "quantidade": 17,
    "produtos": [
        {
            "nome": "Intelligent Wool Watch",
            "preco": 90,
            "descricao": "Alias corporis deleniti omnis provident sint at voluptas.",
            "quantidade": 3,
            "_id": "0JW0kHQ83gqKIcDP"
        },
        {
            "nome": "Practical Aluminum Bottle",
            "preco": 9346,
            "descricao": "Omnis rerum fuga voluptatibus.",
            "quantidade": 8,
            "_id": "20ypKFi4FsfWeLqY"
        },
        {
            "nome": "Synergistic Granite Coat",
            "preco": 2114,
            "descricao": "Pariatur et est deserunt.",
            "quantidade": 3,
            "_id": "52V6gkdi5NoavVod"
        },
        {
            "nome": "Fantastic Concrete Keyboard",
            "preco": 6270,
            "descricao": "Cumque veniam ad.",
            "quantidade": 9,
            "_id": "82eDnzNyZakhNVIS"
        },
        {
            "nome": "Logitech MX Vertical",
            "preco": 470,
            "descricao": "Mouse",
            "quantidade": 382,
            "_id": "BeeJh5lz3k6kSIzA"
        },
        {
            "nome": "Sleek Paper Bottle",
            "preco": 9843,
            "descricao": "Repellat quo asperiores.",
            "quantidade": 5,
            "_id": "DKrDx70MIw87ncny"
        },
        {
            "nome": "Heavy Duty Plastic Hat",
            "preco": 8739,
            "descricao": "Exercitationem doloremque rerum quis repellat.",
            "quantidade": 5,
            "_id": "FH2yxmFNf5D6dhZx"
        },
        {
            "nome": "Samsung 60 polegadas",
            "preco": 5240,
            "descricao": "TV",
            "quantidade": 49977,
            "_id": "K6leHdftCeOJj8BJ"
        },
        {
            "nome": "Sleek Copper Keyboard",
            "preco": 1128,
            "descricao": "Perferendis voluptatibus porro nesciunt ab tenetur dolores adipisci.",
            "quantidade": 7,
            "_id": "RDK7ig3KC8iO9TWF"
        },
        {
            "nome": "Incredible Silk Coat",
            "preco": 5668,
            "descricao": "Rerum eum et laborum est.",
            "quantidade": 3,
            "_id": "ScZr2HN1MvcCvmSR"
        },
        {
            "nome": "Mediocre Bronze Computer",
            "preco": 1115,
            "descricao": "Commodi fugiat eligendi.",
            "quantidade": 2,
            "_id": "TaTUNerRhusfWyHu"
        },
        {
            "nome": "Enormous Iron Computer",
            "preco": 3801,
            "descricao": "Libero odit illo necessitatibus tenetur voluptas consequatur dolorum.",
            "quantidade": 0,
            "_id": "ZM4rGJ7UiE4lPF3c"
        },
        {
            "nome": "Ergonomic Marble Gloves",
            "preco": 9360,
            "descricao": "Quia exercitationem adipisci consequatur sint debitis.",
            "quantidade": 4,
            "_id": "bbNTnvW7yxcARfpm"
        },
        {
            "nome": "Aerodynamic Silk Coat",
            "preco": 9251,
            "descricao": "Sit ut quae at voluptas quod labore.",
            "quantidade": 6,
            "_id": "jmGYHONs7RfDRpu6"
        },
        {
            "nome": "Awesome Paper Shirt",
            "preco": 892,
            "descricao": "Nam modi eligendi libero et.",
            "quantidade": 9,
            "_id": "lx57byYaHuOcWHtU"
        },
        {
            "nome": "Fantastic Cotton Bench",
            "preco": 6890,
            "descricao": "Suscipit sint recusandae et illo.",
            "quantidade": 5,
            "_id": "rA2EEABpK0x86ez9"
        },
        {
            "nome": "Mediocre Wooden Wallet",
            "preco": 6824,
            "descricao": "Omnis expedita sint est repellat.",
            "quantidade": 6,
            "_id": "tpHClA3FzeQa8FOb"
        }
    ]
}
HTTP/1.1 200 OK
{
    "message": "Registro excluído com sucesso"
}
HTTP/1.1 200 OK
{
    "message": "Registro excluído com sucesso"
}
HTTP/1.1 200 OK
]]></system-out>
  </testcase>
  <testcase name="ListaProdutoNãoExistente" classname="produto.ProdutosGetTest" time="2.24">
    <system-out><![CDATA[{
    "message": "Cadastro realizado com sucesso",
    "_id": "DH6zxgLC9BPj6PkO"
}
HTTP/1.1 201 Created
{
    "message": "Login realizado com sucesso",
    "authorization": "Bearer eyJhbGciOiJIUzI1NiIsInR5cCI6IkpXVCJ9.eyJwYXNzd29yZCI6ImFwcHNkaDdoa25sIiwiZW1haWwiOiJqYW1lLnJvb2JAZ21haWwuY29tIiwiaWF0IjoxNjY4NzY3NTQ5LCJleHAiOjE2Njg3NjgxNDl9.OISZMWRGTkqLbT_-6RiAEfAAHATNAhQaxbn_GlOfK5E"
}
HTTP/1.1 200 OK
Chegou aquii
{
    "message": "Cadastro realizado com sucesso",
    "_id": "rN0t6c3IprP2sR5X"
}
HTTP/1.1 201 Created
Request method:	GET
Request URI:	https://compassuol.serverest.dev/produtos/1668767550277naoexiste
Proxy:			<none>
Request params:	<none>
Query params:	<none>
Form params:	<none>
Path params:	<none>
Headers:		Accept=application/json, application/javascript, text/javascript, text/json
Cookies:		<none>
Multiparts:		<none>
Body:			<none>
{
    "message": "Produto não encontrado"
}
HTTP/1.1 400 Bad Request
{
    "message": "Registro excluído com sucesso"
}
HTTP/1.1 200 OK
{
    "message": "Registro excluído com sucesso"
}
HTTP/1.1 200 OK
]]></system-out>
  </testcase>
</testsuite>