<?xml version="1.0" encoding="UTF-8"?>
<testsuite xmlns:xsi="http://www.w3.org/2001/XMLSchema-instance" xsi:noNamespaceSchemaLocation="https://maven.apache.org/surefire/maven-surefire-plugin/xsd/surefire-test-report.xsd" name="usuario.PostTest" time="0.397" tests="11" errors="0" skipped="0" failures="4">
  <properties>
[...]
</properties>
  <testcase name="CriarUsuárioAdmEmBranco" classname="usuario.PostTest" time="0.035"/>
  <testcase name="CriarUsuarioComGmail" classname="usuario.PostTest" time="0.04">
    <failure message="expected: &lt;400&gt; but was: &lt;201&gt;" type="org.opentest4j.AssertionFailedError"><![CDATA[org.opentest4j.AssertionFailedError: expected: <400> but was: <201>
	at usuario.PostTest.CriarUsuarioComGmail(PostTest.java:238)
]]></failure>
    <system-out><![CDATA[{
    "message": "Cadastro realizado com sucesso",
    "_id": "4PAZEroLbnc09LHC"
}
HTTP/1.1 201 Created
{
    "message": "Registro excluído com sucesso"
}
HTTP/1.1 200 OK
]]></system-out>
  </testcase>
  <testcase name="CriarUsuárioEmailEmBranco" classname="usuario.PostTest" time="0.028"/>
  <testcase name="SenhaAbaixoDe5" classname="usuario.PostTest" time="0.03">
    <failure message="expected: &lt;400&gt; but was: &lt;201&gt;" type="org.opentest4j.AssertionFailedError"><![CDATA[org.opentest4j.AssertionFailedError: expected: <400> but was: <201>
	at usuario.PostTest.SenhaAbaixoDe5(PostTest.java:319)
]]></failure>
    <system-out><![CDATA[{
    "message": "Cadastro realizado com sucesso",
    "_id": "lII6XJXaV8nK9cUz"
}
HTTP/1.1 201 Created
{
    "message": "Registro excluído com sucesso"
}
HTTP/1.1 200 OK
]]></system-out>
  </testcase>
  <testcase name="CriarUsuárioJaExistente" classname="usuario.PostTest" time="0.078"/>
  <testcase name="SenhaAcimaDe10" classname="usuario.PostTest" time="0.041">
    <failure message="expected: &lt;400&gt; but was: &lt;201&gt;" type="org.opentest4j.AssertionFailedError"><![CDATA[org.opentest4j.AssertionFailedError: expected: <400> but was: <201>
	at usuario.PostTest.SenhaAcimaDe10(PostTest.java:345)
]]></failure>
    <system-out><![CDATA[{
    "message": "Cadastro realizado com sucesso",
    "_id": "UuntVppMvu7J5CB6"
}
HTTP/1.1 201 Created
{
    "message": "Registro excluído com sucesso"
}
HTTP/1.1 200 OK
]]></system-out>
  </testcase>
  <testcase name="CriarUsuarioComHotmail" classname="usuario.PostTest" time="0.033">
    <failure message="expected: &lt;400&gt; but was: &lt;201&gt;" type="org.opentest4j.AssertionFailedError"><![CDATA[org.opentest4j.AssertionFailedError: expected: <400> but was: <201>
	at usuario.PostTest.CriarUsuarioComHotmail(PostTest.java:263)
]]></failure>
    <system-out><![CDATA[{
    "message": "Cadastro realizado com sucesso",
    "_id": "WDpio0iY9beP5Tog"
}
HTTP/1.1 201 Created
{
    "message": "Registro excluído com sucesso"
}
HTTP/1.1 200 OK
]]></system-out>
  </testcase>
  <testcase name="CriarUsuárioPasswordEmBranco" classname="usuario.PostTest" time="0.034"/>
  <testcase name="CriarUsuárioNomeEmBranco" classname="usuario.PostTest" time="0.026"/>
  <testcase name="CriarUsuário" classname="usuario.PostTest" time="0.022"/>
  <testcase name="CriarUsuarioComEmailInvalido" classname="usuario.PostTest" time="0.027"/>
</testsuite>