<?xml version="1.0" encoding="UTF-8"?>
<testsuite xmlns:xsi="http://www.w3.org/2001/XMLSchema-instance" xsi:noNamespaceSchemaLocation="https://maven.apache.org/surefire/maven-surefire-plugin/xsd/surefire-test-report.xsd" name="com.aula.pb.inicio.PostTest" time="0.687" tests="15" errors="0" skipped="0" failures="4">
  <properties>
[...]
</properties>
  <testcase name="CriarUsuárioAdmEmBranco" classname="com.aula.pb.inicio.PostTest" time="0.037"/>
  <testcase name="CriarUsuarioComGmail" classname="com.aula.pb.inicio.PostTest" time="0.042">
    <failure message="expected: &lt;400&gt; but was: &lt;201&gt;" type="org.opentest4j.AssertionFailedError"><![CDATA[org.opentest4j.AssertionFailedError: expected: <400> but was: <201>
	at com.aula.pb.inicio.PostTest.CriarUsuarioComGmail(PostTest.java:225)
]]></failure>
    <system-out><![CDATA[{
    "message": "Cadastro realizado com sucesso",
    "_id": "gJbzotuU7ahzBK3t"
}
HTTP/1.1 201 Created
{
    "message": "Registro excluído com sucesso"
}
HTTP/1.1 200 OK
]]></system-out>
  </testcase>
  <testcase name="CriarUsuárioEmailEmBranco" classname="com.aula.pb.inicio.PostTest" time="0.035"/>
  <testcase name="SenhaAbaixoDe5" classname="com.aula.pb.inicio.PostTest" time="0.033">
    <failure message="expected: &lt;400&gt; but was: &lt;201&gt;" type="org.opentest4j.AssertionFailedError"><![CDATA[org.opentest4j.AssertionFailedError: expected: <400> but was: <201>
	at com.aula.pb.inicio.PostTest.SenhaAbaixoDe5(PostTest.java:309)
]]></failure>
    <system-out><![CDATA[{
    "message": "Cadastro realizado com sucesso",
    "_id": "omwN4RV3nyurhGGI"
}
HTTP/1.1 201 Created
{
    "message": "Registro excluído com sucesso"
}
HTTP/1.1 200 OK
]]></system-out>
  </testcase>
  <testcase name="CriarUsuárioJaExistente" classname="com.aula.pb.inicio.PostTest" time="0.051"/>
  <testcase name="LogarSemEmail" classname="com.aula.pb.inicio.PostTest" time="0.084"/>
  <testcase name="LogarSemSenha" classname="com.aula.pb.inicio.PostTest" time="0.066"/>
  <testcase name="SenhaAcimaDe10" classname="com.aula.pb.inicio.PostTest" time="0.035">
    <failure message="expected: &lt;400&gt; but was: &lt;201&gt;" type="org.opentest4j.AssertionFailedError"><![CDATA[org.opentest4j.AssertionFailedError: expected: <400> but was: <201>
	at com.aula.pb.inicio.PostTest.SenhaAcimaDe10(PostTest.java:337)
]]></failure>
    <system-out><![CDATA[{
    "message": "Cadastro realizado com sucesso",
    "_id": "Rfu73Sr42wrpvt1p"
}
HTTP/1.1 201 Created
{
    "message": "Registro excluído com sucesso"
}
HTTP/1.1 200 OK
]]></system-out>
  </testcase>
  <testcase name="CriarUsuarioComHotmail" classname="com.aula.pb.inicio.PostTest" time="0.048">
    <failure message="expected: &lt;400&gt; but was: &lt;201&gt;" type="org.opentest4j.AssertionFailedError"><![CDATA[org.opentest4j.AssertionFailedError: expected: <400> but was: <201>
	at com.aula.pb.inicio.PostTest.CriarUsuarioComHotmail(PostTest.java:252)
]]></failure>
    <system-out><![CDATA[{
    "message": "Cadastro realizado com sucesso",
    "_id": "o7TnJgvZtp7PBQDX"
}
HTTP/1.1 201 Created
{
    "message": "Registro excluído com sucesso"
}
HTTP/1.1 200 OK
]]></system-out>
  </testcase>
  <testcase name="LogarUsuarioValido" classname="com.aula.pb.inicio.PostTest" time="0.057"/>
  <testcase name="CriarUsuárioPasswordEmBranco" classname="com.aula.pb.inicio.PostTest" time="0.034"/>
  <testcase name="LogarComUsuarioNãoExistente" classname="com.aula.pb.inicio.PostTest" time="0.059"/>
  <testcase name="CriarUsuárioNomeEmBranco" classname="com.aula.pb.inicio.PostTest" time="0.018"/>
  <testcase name="LoginComSenhaIncorreta" classname="com.aula.pb.inicio.PostTest" time="0.052"/>
  <testcase name="CriarUsuarioComEmailInvalido" classname="com.aula.pb.inicio.PostTest" time="0.035"/>
</testsuite>